2019/12/03 00:58:28 /v3/home
2019/12/03 00:58:54 /v3/zroute
2019/12/03 00:58:55 /v3/zroute
2019/12/03 00:58:58 /v3/zroute
2019/12/03 00:59:00 /v3/zroute
2019/12/03 00:59:27 /v3/zroute
2019/12/03 00:59:39 /v3/zroute
2019/12/04 23:49:11 /v3/discount
2019/12/11 23:32:56 /v3/buses
2019/12/11 23:33:12 /v3/buses
2019/12/11 23:33:15 /v3/buses
2019/12/11 23:48:38 /v3/seatamount
2019/12/11 23:48:48 /v3/seatamount
2019/12/11 23:48:53 /v3/seatamount
2019/12/11 23:49:08 /v3/seatamount
2019/12/11 23:59:23 /v3/seatamount
2019/12/11 23:59:33 /v3/seats
2019/12/11 23:59:44 /v3/seats
2019/12/12 00:01:07 /v3/seats
2019/12/12 00:01:22 /v3/seats
2019/12/12 00:04:21 /v3/seats
2019/12/12 00:04:42 /v3/seats
2019/12/12 00:05:21 /v3/seats
2019/12/12 00:16:08 /v3/trips
2019/12/12 00:16:26 /v3/trips
